[2.835s] DEBUG:colcon:Command line arguments: ['/usr/bin/colcon', 'list', '-p', '--base-paths', '/home/israel/pastaTesteNicola/gz_sim_ws']
[2.836s] DEBUG:colcon:Parsed command line arguments: Namespace(log_base=None, log_level=None, verb_name='list', build_base='build', ignore_user_meta=False, metas=['./colcon.meta'], base_paths=['/home/israel/pastaTesteNicola/gz_sim_ws'], packages_ignore=None, packages_ignore_regex=None, paths=None, packages_up_to=None, packages_up_to_regex=None, packages_above=None, packages_above_and_dependencies=None, packages_above_depth=None, packages_select_by_dep=None, packages_skip_by_dep=None, packages_skip_up_to=None, packages_select_build_failed=False, packages_skip_build_finished=False, packages_select_test_failures=False, packages_skip_test_passed=False, packages_select=None, packages_skip=None, packages_select_regex=None, packages_skip_regex=None, packages_start=None, packages_end=None, allow_overriding=[], topological_order=False, names_only=False, paths_only=True, topological_graph=False, topological_graph_dot=False, topological_graph_density=False, topological_graph_legend=False, topological_graph_dot_cluster=False, topological_graph_dot_include_skipped=False, verb_parser=<colcon_defaults.argument_parser.defaults.DefaultArgumentsDecorator object at 0x7f0016960c40>, verb_extension=<colcon_package_information.verb.list.ListVerb object at 0x7f0016ab7d60>, main=<bound method ListVerb.main of <colcon_package_information.verb.list.ListVerb object at 0x7f0016ab7d60>>)
[3.083s] Level 1:colcon.colcon_core.package_discovery:discover_packages(colcon_meta) check parameters
[3.084s] Level 1:colcon.colcon_core.package_discovery:discover_packages(recursive) check parameters
[3.084s] Level 1:colcon.colcon_core.package_discovery:discover_packages(ignore) check parameters
[3.084s] Level 1:colcon.colcon_core.package_discovery:discover_packages(path) check parameters
[3.084s] Level 1:colcon.colcon_core.package_discovery:discover_packages(recursive) discover
[3.085s] INFO:colcon.colcon_core.package_discovery:Crawling recursively for packages in '/home/israel/pastaTesteNicola/gz_sim_ws'
[3.085s] Level 1:colcon.colcon_core.package_identification:_identify(/home/israel/pastaTesteNicola/gz_sim_ws) by extensions ['ignore', 'ignore_ament_install']
[3.086s] Level 1:colcon.colcon_core.package_identification:_identify(/home/israel/pastaTesteNicola/gz_sim_ws) by extension 'ignore'
[3.086s] Level 1:colcon.colcon_core.package_identification:_identify(/home/israel/pastaTesteNicola/gz_sim_ws) by extension 'ignore_ament_install'
[3.090s] Level 1:colcon.colcon_core.package_identification:_identify(/home/israel/pastaTesteNicola/gz_sim_ws) by extensions ['colcon_pkg']
[3.092s] Level 1:colcon.colcon_core.package_identification:_identify(/home/israel/pastaTesteNicola/gz_sim_ws) by extension 'colcon_pkg'
[3.093s] Level 1:colcon.colcon_core.package_identification:_identify(/home/israel/pastaTesteNicola/gz_sim_ws) by extensions ['colcon_meta']
[3.093s] Level 1:colcon.colcon_core.package_identification:_identify(/home/israel/pastaTesteNicola/gz_sim_ws) by extension 'colcon_meta'
[3.098s] Level 1:colcon.colcon_core.package_identification:_identify(/home/israel/pastaTesteNicola/gz_sim_ws) by extensions ['ros']
[3.099s] Level 1:colcon.colcon_core.package_identification:_identify(/home/israel/pastaTesteNicola/gz_sim_ws) by extension 'ros'
[3.202s] Level 1:colcon.colcon_core.package_identification:_identify(/home/israel/pastaTesteNicola/gz_sim_ws) by extensions ['cmake', 'python']
[3.203s] Level 1:colcon.colcon_core.package_identification:_identify(/home/israel/pastaTesteNicola/gz_sim_ws) by extension 'cmake'
[3.203s] Level 1:colcon.colcon_core.package_identification:_identify(/home/israel/pastaTesteNicola/gz_sim_ws) by extension 'python'
[3.204s] Level 1:colcon.colcon_core.package_identification:_identify(/home/israel/pastaTesteNicola/gz_sim_ws) by extensions ['python_setup_py']
[3.204s] Level 1:colcon.colcon_core.package_identification:_identify(/home/israel/pastaTesteNicola/gz_sim_ws) by extension 'python_setup_py'
[3.206s] Level 1:colcon.colcon_core.package_identification:_identify(/home/israel/pastaTesteNicola/gz_sim_ws/log) by extensions ['ignore', 'ignore_ament_install']
[3.207s] Level 1:colcon.colcon_core.package_identification:_identify(/home/israel/pastaTesteNicola/gz_sim_ws/log) by extension 'ignore'
[3.207s] Level 1:colcon.colcon_core.package_identification:_identify(/home/israel/pastaTesteNicola/gz_sim_ws/log) ignored
[3.208s] Level 1:colcon.colcon_core.package_identification:_identify(/home/israel/pastaTesteNicola/gz_sim_ws/src) by extensions ['ignore', 'ignore_ament_install']
[3.209s] Level 1:colcon.colcon_core.package_identification:_identify(/home/israel/pastaTesteNicola/gz_sim_ws/src) by extension 'ignore'
[3.209s] Level 1:colcon.colcon_core.package_identification:_identify(/home/israel/pastaTesteNicola/gz_sim_ws/src) by extension 'ignore_ament_install'
[3.210s] Level 1:colcon.colcon_core.package_identification:_identify(/home/israel/pastaTesteNicola/gz_sim_ws/src) by extensions ['colcon_pkg']
[3.210s] Level 1:colcon.colcon_core.package_identification:_identify(/home/israel/pastaTesteNicola/gz_sim_ws/src) by extension 'colcon_pkg'
[3.210s] Level 1:colcon.colcon_core.package_identification:_identify(/home/israel/pastaTesteNicola/gz_sim_ws/src) by extensions ['colcon_meta']
[3.211s] Level 1:colcon.colcon_core.package_identification:_identify(/home/israel/pastaTesteNicola/gz_sim_ws/src) by extension 'colcon_meta'
[3.211s] Level 1:colcon.colcon_core.package_identification:_identify(/home/israel/pastaTesteNicola/gz_sim_ws/src) by extensions ['ros']
[3.211s] Level 1:colcon.colcon_core.package_identification:_identify(/home/israel/pastaTesteNicola/gz_sim_ws/src) by extension 'ros'
[3.212s] Level 1:colcon.colcon_core.package_identification:_identify(/home/israel/pastaTesteNicola/gz_sim_ws/src) by extensions ['cmake', 'python']
[3.212s] Level 1:colcon.colcon_core.package_identification:_identify(/home/israel/pastaTesteNicola/gz_sim_ws/src) by extension 'cmake'
[3.212s] Level 1:colcon.colcon_core.package_identification:_identify(/home/israel/pastaTesteNicola/gz_sim_ws/src) by extension 'python'
[3.213s] Level 1:colcon.colcon_core.package_identification:_identify(/home/israel/pastaTesteNicola/gz_sim_ws/src) by extensions ['python_setup_py']
[3.213s] Level 1:colcon.colcon_core.package_identification:_identify(/home/israel/pastaTesteNicola/gz_sim_ws/src) by extension 'python_setup_py'
[3.215s] Level 1:colcon.colcon_core.package_identification:_identify(/home/israel/pastaTesteNicola/gz_sim_ws/src/lecture) by extensions ['ignore', 'ignore_ament_install']
[3.216s] Level 1:colcon.colcon_core.package_identification:_identify(/home/israel/pastaTesteNicola/gz_sim_ws/src/lecture) by extension 'ignore'
[3.216s] Level 1:colcon.colcon_core.package_identification:_identify(/home/israel/pastaTesteNicola/gz_sim_ws/src/lecture) by extension 'ignore_ament_install'
[3.217s] Level 1:colcon.colcon_core.package_identification:_identify(/home/israel/pastaTesteNicola/gz_sim_ws/src/lecture) by extensions ['colcon_pkg']
[3.219s] Level 1:colcon.colcon_core.package_identification:_identify(/home/israel/pastaTesteNicola/gz_sim_ws/src/lecture) by extension 'colcon_pkg'
[3.219s] Level 1:colcon.colcon_core.package_identification:_identify(/home/israel/pastaTesteNicola/gz_sim_ws/src/lecture) by extensions ['colcon_meta']
[3.219s] Level 1:colcon.colcon_core.package_identification:_identify(/home/israel/pastaTesteNicola/gz_sim_ws/src/lecture) by extension 'colcon_meta'
[3.220s] Level 1:colcon.colcon_core.package_identification:_identify(/home/israel/pastaTesteNicola/gz_sim_ws/src/lecture) by extensions ['ros']
[3.220s] Level 1:colcon.colcon_core.package_identification:_identify(/home/israel/pastaTesteNicola/gz_sim_ws/src/lecture) by extension 'ros'
[3.239s] DEBUG:colcon.colcon_core.package_identification:Package '/home/israel/pastaTesteNicola/gz_sim_ws/src/lecture' with type 'ros.ament_python' and name 'lecture'
[3.239s] Level 1:colcon.colcon_core.package_discovery:discover_packages(recursive) using defaults
