[0.694s] DEBUG:colcon:Command line arguments: ['/usr/bin/colcon', 'build']
[0.694s] DEBUG:colcon:Parsed command line arguments: Namespace(log_base=None, log_level=None, verb_name='build', build_base='build', install_base='install', merge_install=False, symlink_install=False, test_result_base=None, continue_on_error=False, executor='parallel', parallel_workers=8, event_handlers=None, ignore_user_meta=False, metas=['./colcon.meta'], base_paths=['.'], packages_ignore=None, packages_ignore_regex=None, paths=None, packages_up_to=None, packages_up_to_regex=None, packages_above=None, packages_above_and_dependencies=None, packages_above_depth=None, packages_select_by_dep=None, packages_skip_by_dep=None, packages_skip_up_to=None, packages_select_build_failed=False, packages_skip_build_finished=False, packages_select_test_failures=False, packages_skip_test_passed=False, packages_select=None, packages_skip=None, packages_select_regex=None, packages_skip_regex=None, packages_start=None, packages_end=None, allow_overriding=[], cmake_args=None, cmake_target=None, cmake_target_skip_unavailable=False, cmake_clean_cache=False, cmake_clean_first=False, cmake_force_configure=False, ament_cmake_args=None, catkin_cmake_args=None, catkin_skip_building_tests=False, verb_parser=<colcon_defaults.argument_parser.defaults.DefaultArgumentsDecorator object at 0x7f38d28342e0>, verb_extension=<colcon_core.verb.build.BuildVerb object at 0x7f38d2803d30>, main=<bound method BuildVerb.main of <colcon_core.verb.build.BuildVerb object at 0x7f38d2803d30>>)
[0.738s] Level 1:colcon.colcon_core.package_discovery:discover_packages(colcon_meta) check parameters
[0.738s] Level 1:colcon.colcon_core.package_discovery:discover_packages(recursive) check parameters
[0.738s] Level 1:colcon.colcon_core.package_discovery:discover_packages(ignore) check parameters
[0.738s] Level 1:colcon.colcon_core.package_discovery:discover_packages(path) check parameters
[0.738s] Level 1:colcon.colcon_core.package_discovery:discover_packages(colcon_meta) discover
[0.738s] Level 1:colcon.colcon_core.package_discovery:discover_packages(recursive) discover
[0.738s] INFO:colcon.colcon_core.package_discovery:Crawling recursively for packages in '/home/israel/pastaTesteNicola/gz_sim_ws'
[0.738s] Level 1:colcon.colcon_core.package_identification:_identify(.) by extensions ['ignore', 'ignore_ament_install']
[0.738s] Level 1:colcon.colcon_core.package_identification:_identify(.) by extension 'ignore'
[0.739s] Level 1:colcon.colcon_core.package_identification:_identify(.) by extension 'ignore_ament_install'
[0.739s] Level 1:colcon.colcon_core.package_identification:_identify(.) by extensions ['colcon_pkg']
[0.739s] Level 1:colcon.colcon_core.package_identification:_identify(.) by extension 'colcon_pkg'
[0.739s] Level 1:colcon.colcon_core.package_identification:_identify(.) by extensions ['colcon_meta']
[0.739s] Level 1:colcon.colcon_core.package_identification:_identify(.) by extension 'colcon_meta'
[0.739s] Level 1:colcon.colcon_core.package_identification:_identify(.) by extensions ['ros']
[0.739s] Level 1:colcon.colcon_core.package_identification:_identify(.) by extension 'ros'
[0.759s] Level 1:colcon.colcon_core.package_identification:_identify(.) by extensions ['cmake', 'python']
[0.759s] Level 1:colcon.colcon_core.package_identification:_identify(.) by extension 'cmake'
[0.759s] Level 1:colcon.colcon_core.package_identification:_identify(.) by extension 'python'
[0.759s] Level 1:colcon.colcon_core.package_identification:_identify(.) by extensions ['python_setup_py']
[0.759s] Level 1:colcon.colcon_core.package_identification:_identify(.) by extension 'python_setup_py'
[0.759s] Level 1:colcon.colcon_core.package_identification:_identify(build) by extensions ['ignore', 'ignore_ament_install']
[0.759s] Level 1:colcon.colcon_core.package_identification:_identify(build) by extension 'ignore'
[0.759s] Level 1:colcon.colcon_core.package_identification:_identify(build) ignored
[0.760s] Level 1:colcon.colcon_core.package_identification:_identify(install) by extensions ['ignore', 'ignore_ament_install']
[0.760s] Level 1:colcon.colcon_core.package_identification:_identify(install) by extension 'ignore'
[0.760s] Level 1:colcon.colcon_core.package_identification:_identify(install) ignored
[0.760s] Level 1:colcon.colcon_core.package_identification:_identify(log) by extensions ['ignore', 'ignore_ament_install']
[0.760s] Level 1:colcon.colcon_core.package_identification:_identify(log) by extension 'ignore'
[0.760s] Level 1:colcon.colcon_core.package_identification:_identify(log) ignored
[0.760s] Level 1:colcon.colcon_core.package_identification:_identify(src) by extensions ['ignore', 'ignore_ament_install']
[0.760s] Level 1:colcon.colcon_core.package_identification:_identify(src) by extension 'ignore'
[0.760s] Level 1:colcon.colcon_core.package_identification:_identify(src) by extension 'ignore_ament_install'
[0.761s] Level 1:colcon.colcon_core.package_identification:_identify(src) by extensions ['colcon_pkg']
[0.761s] Level 1:colcon.colcon_core.package_identification:_identify(src) by extension 'colcon_pkg'
[0.761s] Level 1:colcon.colcon_core.package_identification:_identify(src) by extensions ['colcon_meta']
[0.761s] Level 1:colcon.colcon_core.package_identification:_identify(src) by extension 'colcon_meta'
[0.761s] Level 1:colcon.colcon_core.package_identification:_identify(src) by extensions ['ros']
[0.761s] Level 1:colcon.colcon_core.package_identification:_identify(src) by extension 'ros'
[0.761s] Level 1:colcon.colcon_core.package_identification:_identify(src) by extensions ['cmake', 'python']
[0.761s] Level 1:colcon.colcon_core.package_identification:_identify(src) by extension 'cmake'
[0.761s] Level 1:colcon.colcon_core.package_identification:_identify(src) by extension 'python'
[0.761s] Level 1:colcon.colcon_core.package_identification:_identify(src) by extensions ['python_setup_py']
[0.761s] Level 1:colcon.colcon_core.package_identification:_identify(src) by extension 'python_setup_py'
[0.761s] Level 1:colcon.colcon_core.package_identification:_identify(src/gazebo_sim) by extensions ['ignore', 'ignore_ament_install']
[0.761s] Level 1:colcon.colcon_core.package_identification:_identify(src/gazebo_sim) by extension 'ignore'
[0.762s] Level 1:colcon.colcon_core.package_identification:_identify(src/gazebo_sim) by extension 'ignore_ament_install'
[0.762s] Level 1:colcon.colcon_core.package_identification:_identify(src/gazebo_sim) by extensions ['colcon_pkg']
[0.762s] Level 1:colcon.colcon_core.package_identification:_identify(src/gazebo_sim) by extension 'colcon_pkg'
[0.762s] Level 1:colcon.colcon_core.package_identification:_identify(src/gazebo_sim) by extensions ['colcon_meta']
[0.762s] Level 1:colcon.colcon_core.package_identification:_identify(src/gazebo_sim) by extension 'colcon_meta'
[0.762s] Level 1:colcon.colcon_core.package_identification:_identify(src/gazebo_sim) by extensions ['ros']
[0.762s] Level 1:colcon.colcon_core.package_identification:_identify(src/gazebo_sim) by extension 'ros'
[0.768s] DEBUG:colcon.colcon_core.package_identification:Package 'src/gazebo_sim' with type 'ros.ament_python' and name 'gazebo_sim'
[0.768s] Level 1:colcon.colcon_core.package_discovery:discover_packages(recursive) using defaults
[0.768s] Level 1:colcon.colcon_core.package_discovery:discover_packages(ignore) discover
[0.768s] Level 1:colcon.colcon_core.package_discovery:discover_packages(ignore) using defaults
[0.768s] Level 1:colcon.colcon_core.package_discovery:discover_packages(path) discover
[0.768s] Level 1:colcon.colcon_core.package_discovery:discover_packages(path) using defaults
[0.807s] Level 1:colcon.colcon_core.package_discovery:discover_packages(prefix_path) check parameters
[0.807s] Level 1:colcon.colcon_core.package_discovery:discover_packages(prefix_path) discover
[0.817s] DEBUG:colcon.colcon_installed_package_information.package_discovery:Found 384 installed packages in /opt/ros/humble
[0.820s] Level 1:colcon.colcon_core.package_discovery:discover_packages(prefix_path) using defaults
[1.041s] Level 5:colcon.colcon_core.verb:set package 'gazebo_sim' build argument 'cmake_args' from command line to 'None'
[1.042s] Level 5:colcon.colcon_core.verb:set package 'gazebo_sim' build argument 'cmake_target' from command line to 'None'
[1.042s] Level 5:colcon.colcon_core.verb:set package 'gazebo_sim' build argument 'cmake_target_skip_unavailable' from command line to 'False'
[1.042s] Level 5:colcon.colcon_core.verb:set package 'gazebo_sim' build argument 'cmake_clean_cache' from command line to 'False'
[1.042s] Level 5:colcon.colcon_core.verb:set package 'gazebo_sim' build argument 'cmake_clean_first' from command line to 'False'
[1.042s] Level 5:colcon.colcon_core.verb:set package 'gazebo_sim' build argument 'cmake_force_configure' from command line to 'False'
[1.042s] Level 5:colcon.colcon_core.verb:set package 'gazebo_sim' build argument 'ament_cmake_args' from command line to 'None'
[1.042s] Level 5:colcon.colcon_core.verb:set package 'gazebo_sim' build argument 'catkin_cmake_args' from command line to 'None'
[1.042s] Level 5:colcon.colcon_core.verb:set package 'gazebo_sim' build argument 'catkin_skip_building_tests' from command line to 'False'
[1.042s] DEBUG:colcon.colcon_core.verb:Building package 'gazebo_sim' with the following arguments: {'ament_cmake_args': None, 'build_base': '/home/israel/pastaTesteNicola/gz_sim_ws/build/gazebo_sim', 'catkin_cmake_args': None, 'catkin_skip_building_tests': False, 'cmake_args': None, 'cmake_clean_cache': False, 'cmake_clean_first': False, 'cmake_force_configure': False, 'cmake_target': None, 'cmake_target_skip_unavailable': False, 'install_base': '/home/israel/pastaTesteNicola/gz_sim_ws/install/gazebo_sim', 'merge_install': False, 'path': '/home/israel/pastaTesteNicola/gz_sim_ws/src/gazebo_sim', 'symlink_install': False, 'test_result_base': None}
[1.043s] INFO:colcon.colcon_core.executor:Executing jobs using 'parallel' executor
[1.047s] DEBUG:colcon.colcon_parallel_executor.executor.parallel:run_until_complete
[1.048s] INFO:colcon.colcon_ros.task.ament_python.build:Building ROS package in '/home/israel/pastaTesteNicola/gz_sim_ws/src/gazebo_sim' with build type 'ament_python'
[1.048s] Level 1:colcon.colcon_core.shell:create_environment_hook('gazebo_sim', 'ament_prefix_path')
[1.058s] INFO:colcon.colcon_core.plugin_system:Skipping extension 'colcon_core.shell.bat': Not used on non-Windows systems
[1.058s] INFO:colcon.colcon_core.shell:Creating environment hook '/home/israel/pastaTesteNicola/gz_sim_ws/install/gazebo_sim/share/gazebo_sim/hook/ament_prefix_path.ps1'
[1.060s] INFO:colcon.colcon_core.shell:Creating environment descriptor '/home/israel/pastaTesteNicola/gz_sim_ws/install/gazebo_sim/share/gazebo_sim/hook/ament_prefix_path.dsv'
[1.060s] INFO:colcon.colcon_core.shell:Creating environment hook '/home/israel/pastaTesteNicola/gz_sim_ws/install/gazebo_sim/share/gazebo_sim/hook/ament_prefix_path.sh'
[1.062s] INFO:colcon.colcon_core.shell:Skip shell extension 'powershell' for command environment: Not usable outside of PowerShell
[1.062s] DEBUG:colcon.colcon_core.shell:Skip shell extension 'dsv' for command environment
[1.563s] INFO:colcon.colcon_core.task.python.build:Building Python package in '/home/israel/pastaTesteNicola/gz_sim_ws/src/gazebo_sim'
[1.565s] INFO:colcon.colcon_core.shell:Skip shell extension 'powershell' for command environment: Not usable outside of PowerShell
[1.565s] DEBUG:colcon.colcon_core.shell:Skip shell extension 'dsv' for command environment
[2.700s] DEBUG:colcon.colcon_core.event_handler.log_command:Invoking command in '/home/israel/pastaTesteNicola/gz_sim_ws/src/gazebo_sim': PYTHONPATH=/home/israel/pastaTesteNicola/gz_sim_ws/build/gazebo_sim/prefix_override:/home/israel/pastaTesteNicola/gz_sim_ws/install/gazebo_sim/lib/python3.10/site-packages:${PYTHONPATH} /usr/bin/python3 setup.py egg_info --egg-base ../../build/gazebo_sim build --build-base /home/israel/pastaTesteNicola/gz_sim_ws/build/gazebo_sim/build install --record /home/israel/pastaTesteNicola/gz_sim_ws/build/gazebo_sim/install.log --single-version-externally-managed
[3.131s] DEBUG:colcon.colcon_core.event_handler.log_command:Invoked command in '/home/israel/pastaTesteNicola/gz_sim_ws/src/gazebo_sim' returned '0': PYTHONPATH=/home/israel/pastaTesteNicola/gz_sim_ws/build/gazebo_sim/prefix_override:/home/israel/pastaTesteNicola/gz_sim_ws/install/gazebo_sim/lib/python3.10/site-packages:${PYTHONPATH} /usr/bin/python3 setup.py egg_info --egg-base ../../build/gazebo_sim build --build-base /home/israel/pastaTesteNicola/gz_sim_ws/build/gazebo_sim/build install --record /home/israel/pastaTesteNicola/gz_sim_ws/build/gazebo_sim/install.log --single-version-externally-managed
[3.144s] Level 1:colcon.colcon_core.environment:checking '/home/israel/pastaTesteNicola/gz_sim_ws/install/gazebo_sim' for CMake module files
[3.144s] Level 1:colcon.colcon_core.environment:checking '/home/israel/pastaTesteNicola/gz_sim_ws/install/gazebo_sim' for CMake config files
[3.145s] Level 1:colcon.colcon_core.environment:checking '/home/israel/pastaTesteNicola/gz_sim_ws/install/gazebo_sim/lib'
[3.145s] Level 1:colcon.colcon_core.environment:checking '/home/israel/pastaTesteNicola/gz_sim_ws/install/gazebo_sim/bin'
[3.145s] Level 1:colcon.colcon_core.environment:checking '/home/israel/pastaTesteNicola/gz_sim_ws/install/gazebo_sim/lib/pkgconfig/gazebo_sim.pc'
[3.146s] Level 1:colcon.colcon_core.environment:checking '/home/israel/pastaTesteNicola/gz_sim_ws/install/gazebo_sim/lib/python3.10/site-packages'
[3.146s] Level 1:colcon.colcon_core.shell:create_environment_hook('gazebo_sim', 'pythonpath')
[3.148s] INFO:colcon.colcon_core.shell:Creating environment hook '/home/israel/pastaTesteNicola/gz_sim_ws/install/gazebo_sim/share/gazebo_sim/hook/pythonpath.ps1'
[3.149s] INFO:colcon.colcon_core.shell:Creating environment descriptor '/home/israel/pastaTesteNicola/gz_sim_ws/install/gazebo_sim/share/gazebo_sim/hook/pythonpath.dsv'
[3.149s] INFO:colcon.colcon_core.shell:Creating environment hook '/home/israel/pastaTesteNicola/gz_sim_ws/install/gazebo_sim/share/gazebo_sim/hook/pythonpath.sh'
[3.150s] Level 1:colcon.colcon_core.environment:checking '/home/israel/pastaTesteNicola/gz_sim_ws/install/gazebo_sim/bin'
[3.150s] Level 1:colcon.colcon_core.environment:create_environment_scripts_only(gazebo_sim)
[3.154s] INFO:colcon.colcon_core.shell:Creating package script '/home/israel/pastaTesteNicola/gz_sim_ws/install/gazebo_sim/share/gazebo_sim/package.ps1'
[3.158s] INFO:colcon.colcon_core.shell:Creating package descriptor '/home/israel/pastaTesteNicola/gz_sim_ws/install/gazebo_sim/share/gazebo_sim/package.dsv'
[3.160s] INFO:colcon.colcon_core.shell:Creating package script '/home/israel/pastaTesteNicola/gz_sim_ws/install/gazebo_sim/share/gazebo_sim/package.sh'
[3.162s] INFO:colcon.colcon_core.shell:Creating package script '/home/israel/pastaTesteNicola/gz_sim_ws/install/gazebo_sim/share/gazebo_sim/package.bash'
[3.164s] INFO:colcon.colcon_core.shell:Creating package script '/home/israel/pastaTesteNicola/gz_sim_ws/install/gazebo_sim/share/gazebo_sim/package.zsh'
[3.165s] Level 1:colcon.colcon_core.environment:create_file_with_runtime_dependencies(/home/israel/pastaTesteNicola/gz_sim_ws/install/gazebo_sim/share/colcon-core/packages/gazebo_sim)
[3.166s] DEBUG:colcon.colcon_parallel_executor.executor.parallel:closing loop
[3.166s] DEBUG:colcon.colcon_parallel_executor.executor.parallel:loop closed
[3.167s] DEBUG:colcon.colcon_parallel_executor.executor.parallel:run_until_complete finished with '0'
[3.167s] DEBUG:colcon.colcon_core.event_reactor:joining thread
[3.320s] INFO:colcon.colcon_core.plugin_system:Skipping extension 'colcon_notification.desktop_notification.notify_send': Could not find 'notify-send'
[3.321s] INFO:colcon.colcon_core.plugin_system:Skipping extension 'colcon_notification.desktop_notification.terminal_notifier': Not used on non-Darwin systems
[3.321s] INFO:colcon.colcon_core.plugin_system:Skipping extension 'colcon_notification.desktop_notification.win32': Not used on non-Windows systems
[3.321s] INFO:colcon.colcon_notification.desktop_notification:Sending desktop notification using 'notify2'
[3.321s] DEBUG:colcon.colcon_notification.desktop_notification.notify2:Failed to initialize notify2: org.freedesktop.DBus.Error.FileNotFound: Failed to connect to socket /run/user/1000/bus: No such file or directory
[3.322s] DEBUG:colcon.colcon_core.event_reactor:joined thread
[3.323s] INFO:colcon.colcon_core.shell:Creating prefix script '/home/israel/pastaTesteNicola/gz_sim_ws/install/local_setup.ps1'
[3.325s] INFO:colcon.colcon_core.shell:Creating prefix util module '/home/israel/pastaTesteNicola/gz_sim_ws/install/_local_setup_util_ps1.py'
[3.327s] INFO:colcon.colcon_core.shell:Creating prefix chain script '/home/israel/pastaTesteNicola/gz_sim_ws/install/setup.ps1'
[3.329s] INFO:colcon.colcon_core.shell:Creating prefix script '/home/israel/pastaTesteNicola/gz_sim_ws/install/local_setup.sh'
[3.330s] INFO:colcon.colcon_core.shell:Creating prefix util module '/home/israel/pastaTesteNicola/gz_sim_ws/install/_local_setup_util_sh.py'
[3.330s] INFO:colcon.colcon_core.shell:Creating prefix chain script '/home/israel/pastaTesteNicola/gz_sim_ws/install/setup.sh'
[3.332s] INFO:colcon.colcon_core.shell:Creating prefix script '/home/israel/pastaTesteNicola/gz_sim_ws/install/local_setup.bash'
[3.332s] INFO:colcon.colcon_core.shell:Creating prefix chain script '/home/israel/pastaTesteNicola/gz_sim_ws/install/setup.bash'
[3.335s] INFO:colcon.colcon_core.shell:Creating prefix script '/home/israel/pastaTesteNicola/gz_sim_ws/install/local_setup.zsh'
[3.336s] INFO:colcon.colcon_core.shell:Creating prefix chain script '/home/israel/pastaTesteNicola/gz_sim_ws/install/setup.zsh'
